<?xml version="1.0" encoding="UTF-8"?>
<!-- Generated by org.testng.reporters.JUnitReportReporter -->
<testsuite skipped="0" hostname="ZZRahKumar01" name="com.slack.test.base.LaunchTest_01" tests="1" failures="0" timestamp="2020-05-22T16:32:10 IST" time="1.261" errors="0">
  <testcase name="TestData" time="1.261" classname="com.slack.test.base.LaunchTest_01"/>
  <system-out/>
</testsuite> <!-- com.slack.test.base.LaunchTest_01 -->
