<?xml version="1.0" encoding="UTF-8"?>
<!-- Generated by org.testng.reporters.JUnitReportReporter -->
<testsuite skipped="0" hostname="ZZRahKumar01" name="com.slack.test.TestCase_01" tests="1" failures="0" timestamp="2020-05-22T16:30:08 IST" time="0.204" errors="0">
  <testcase name="LoginFeature" time="0.204" classname="com.slack.test.TestCase_01"/>
  <system-out/>
</testsuite> <!-- com.slack.test.TestCase_01 -->
