<?xml version="1.0" encoding="UTF-8"?>
<!-- Generated by org.testng.reporters.JUnitReportReporter -->
<testsuite skipped="0" hostname="ZZRahKumar01" name="com.slack.test.LoginTest" tests="1" failures="0" timestamp="2020-05-22T15:38:56 IST" time="0.802" errors="0">
  <testcase name="loginTest" time="0.802" classname="com.slack.test.LoginTest"/>
  <system-out/>
</testsuite> <!-- com.slack.test.LoginTest -->
